<?xml version="1.0" encoding="UTF-8"?>
<!-- Generated by org.testng.reporters.JUnitXMLReporter -->
<testsuite hostname="DDC5-D-608P3KW" ignored="3" name="Default test" tests="1" failures="0" timestamp="06 Aug 2019 10:58:07 GMT" time="46.668" errors="0">
  <testcase name="testlogin" time="20.283" classname="selen_case1.OnlineShopping"/>
  <testcase name="testCart" time="0.0" classname="selen_case1.OnlineShopping">
    <ignored/>
  </testcase> <!-- testCart -->
  <testcase name="testRegistration" time="0.0" classname="selen_case1.OnlineShopping">
    <ignored/>
  </testcase> <!-- testRegistration -->
  <testcase name="testPayment" time="0.0" classname="selen_case1.OnlineShopping">
    <ignored/>
  </testcase> <!-- testPayment -->
</testsuite> <!-- Default test -->
